<?xml version="1.0" encoding="UTF-8"?>
<!-- Generated by org.testng.reporters.JUnitReportReporter -->
<testsuite skipped="0" hostname="Nijats-MacBook-Pro.local" name="tests.RegressionTest" tests="1" failures="0" timestamp="2020-02-25T21:31:39 EST" time="0.004" errors="0">
  <testcase name="some_test" time="0.004" classname="tests.RegressionTest"/>
  <system-out/>
</testsuite> <!-- tests.RegressionTest -->
