<?xml version="1.0" encoding="UTF-8"?>
<!-- Generated by org.testng.reporters.JUnitReportReporter -->
<testsuite skipped="0" hostname="Nijats-MacBook-Pro.local" name="tests.SomeTests" tests="1" failures="0" timestamp="2020-03-16T19:10:07 EDT" time="10.400" errors="0">
  <testcase name="login_test" time="10.400" classname="tests.SomeTests"/>
  <system-out/>
</testsuite> <!-- tests.SomeTests -->
