<?xml version="1.0" encoding="UTF-8"?>
<!-- Generated by org.testng.reporters.JUnitReportReporter -->
<testsuite skipped="0" hostname="Nijats-MacBook-Pro.local" name="tests.SomeTests" tests="1" failures="0" timestamp="2020-02-25T21:32:45 EST" time="10.497" errors="0">
  <testcase name="test_case" time="10.497" classname="tests.SomeTests"/>
  <system-out/>
</testsuite> <!-- tests.SomeTests -->
