<?xml version="1.0" encoding="UTF-8"?>
<!-- Generated by org.testng.reporters.JUnitReportReporter -->
<testsuite skipped="0" hostname="Nijats-MacBook-Pro.local" name="tests.SystemE2E" tests="3" failures="0" timestamp="2020-02-25T21:31:14 EST" time="0.003" errors="0">
  <testcase name="test_case2" time="0.000" classname="tests.SystemE2E"/>
  <system-out/>
  <testcase name="test_case3" time="0.000" classname="tests.SystemE2E"/>
  <system-out/>
  <testcase name="test_case" time="0.003" classname="tests.SystemE2E"/>
  <system-out/>
</testsuite> <!-- tests.SystemE2E -->
